[+0:27:40.  0] RX: ><#0><#0><#0><#0><#0><#0><#0><#0><#0><#0><#0><#0><#0><#0><#0><#0><#0><#0><#0><#0><#0><#0><#0><#0><#0><#0><#0><#0><#0><#0><#0><#0><#0><#0><#0><#0><#0><#0><#0><#0>%<#0><#0><#0><#0><#0><#0><#0><#0><#0><#0><#0><#0><#0><#0><#0><#0><#0><#0><#0><#0><#0><#0><#0><#0><#0><#0><#0><#0><#0><#0><#0><#0><#0><#0><#0><#0><#0><#0><#0><#0><#0><#0><#0><#0><#0><#0><#0><#0><#0><#0><#0><#0><#0><#0><#0><#0><#0><#0><#0><#0><#0><#0><#0><#0><#0><#0><#0><#0><#0><#0><#0><#0><#0><#0><#0><#0><#0><#0><#0><#0><#0><#0><#0><#0><#0><#0><#0><#0><#0><#0><#0><#0><#0><#0><#0><#0><#0><#0><#0><#0>%<#0><#0><#0><#0><#0><#0><#0><#0><#0><#0><#0><#0><#0><#0><#0><#0><#0><#0><#0><#0><#0><#0><#0><#0><#0><#0><#0><#0><#0><#0><#0><#0><#0><#0><#0><#0><#0><#0><#0><#0> 
[+0:27:40. 79] RX: >O3(TEST             )(NONNI     )(              )() 
[+0:27:40.157] RX: ><#0>$1
[+0:27:40.188] RX: >([1]1]TEST]3])
[+0:27:40.219] RX: >G0Z400.0
[+0:27:40.219] RX: >G4X2
[+0:27:40.219] RX: >G0X150.0
[+0:27:40.219] RX: >G4X2
[+0:27:40.313] RX: >G0X150.1
[+0:27:40.313] RX: >G4X2
[+0:27:40.313] RX: >G0X150.0
[+0:27:40.313] RX: >G4X2
[+0:27:40.313] RX: >G0X149.9
[+0:27:40.313] RX: >G4X2
[+0:27:40.313] RX: >G0X150.0
[+0:27:40.329] RX: >G4X2
[+0:27:40.329] RX: >G0X400.0
[+0:27:40.329] RX: >G4X2
[+0:27:40.329] RX: >G0X150.0
[+0:27:40.329] RX: >G4X2
[+0:27:40.594] RX: >G0X400.0
[+0:27:40.625] RX: >G4X2
[+0:27:40.625] RX: >M30 
[+0:27:41.938] RX: >$2
[+0:27:41.969] RX: >M01 
[+0:27:41.969] RX: >G26 
[+0:27:41.969] RX: >M30 
[+0:28:58.235] RX: ><#0><#0><#0><#0><#0><#0><#0><#0><#0><#0><#0><#0><#0><#0><#0><#0><#0><#0><#0><#0><#0><#0><#0><#0><#0><#0><#0><#0><#0><#0><#0><#0><#0><#0><#0><#0><#0><#0><#0><#0>%<#0><#0><#0><#0><#0><#0><#0><#0><#0><#0><#0><#0><#0><#0><#0><#0><#0><#0><#0><#0><#0><#0><#0><#0><#0><#0><#0><#0><#0><#0><#0><#0><#0><#0><#0><#0><#0><#0><#0><#0><#0><#0><#0><#0><#0><#0><#0><#0><#0><#0><#0><#0><#0><#0><#0><#0><#0><#0><#0><#0><#0><#0><#0><#0><#0><#0><#0><#0><#0><#0><#0><#0><#0><#0><#0><#0><#0><#0><#0><#0><#0><#0><#0><#0><#0><#0><#0><#0><#0><#0><#0><#0><#0><#0><#0><#0><#0><#0><#0><#0>%<#0><#0><#0><#0><#0><#0><#0><#0><#0><#0><#0><#0><#0><#0><#0><#0><#0><#0><#0><#0><#0><#0><#0><#0><#0><#0><#0><#0><#0><#0><#0><#0><#0><#0><#0><#0><#0><#0><#0><#0> 
[+0:29: 0.125] RX: >O3(TEST             )(NONNI     )(              )() 
[+0:29: 0.422] RX: ><#0>$1
[+0:29: 0.954] RX: >([1]1]TEST]3])
[+0:29: 1.219] RX: >G0Z400.0
[+0:29: 1.485] RX: >G4X2
[+0:29: 1.750] RX: >G0X150.0
[+0:29: 2. 16] RX: >G4X2
[+0:29: 2.282] RX: >G0X150.1
[+0:29: 2.547] RX: >G4X2
[+0:29: 2.813] RX: >G0X150.0
[+0:29: 3. 79] RX: >G4X2
[+0:29: 3.344] RX: >G0X149.9
[+0:29: 3.610] RX: >G4X2
[+0:29: 3.875] RX: >G0X150.0
[+0:29: 4.157] RX: >G4X2
[+0:29: 4.422] RX: >G0X400.0
[+0:29: 4.688] RX: >G4X2
[+0:29: 4.954] RX: >G0X150.0
[+0:29: 5.219] RX: >G4X2
[+0:29: 5.485] RX: >G0X400.0
[+0:29: 5.750] RX: >G4X2
[+0:29: 6. 16] RX: >M30 
[+0:29: 6. 16] RX: >$2
[+0:29: 6.282] RX: >M01 
[+0:29: 6.547] RX: >G26 
[+0:29: 6.547] RX: >M30 
[+0:29:46.750] RX: ><#0><#0><#0><#0><#0><#0><#0><#0><#0><#0><#0><#0><#0><#0><#0><#0><#0><#0><#0><#0><#0><#0><#0><#0><#0><#0><#0><#0><#0><#0><#0><#0><#0><#0><#0><#0><#0><#0><#0><#0>%<#0><#0><#0><#0><#0><#0><#0><#0><#0><#0><#0><#0><#0><#0><#0><#0><#0><#0><#0><#0><#0><#0><#0><#0><#0><#0><#0><#0><#0><#0><#0><#0><#0><#0><#0><#0><#0><#0><#0><#0><#0><#0><#0><#0><#0><#0><#0><#0><#0><#0><#0><#0><#0><#0><#0><#0><#0><#0><#0><#0><#0><#0><#0><#0><#0><#0><#0><#0><#0><#0><#0><#0><#0><#0><#0><#0><#0><#0><#0><#0><#0><#0><#0><#0><#0><#0><#0><#0><#0><#0><#0><#0><#0><#0><#0><#0><#0><#0><#0><#0>%<#0><#0><#0><#0><#0><#0><#0><#0><#0><#0><#0><#0><#0><#0><#0><#0><#0><#0><#0><#0><#0><#0><#0><#0><#0><#0><#0><#0><#0><#0><#0><#0><#0><#0><#0><#0><#0><#0><#0><#0> 
[+0:29:48.672] RX: >O3(TEST             )(NONNI     )(              )() 
[+0:29:48.938] RX: ><#0>$1
[+0:29:49.469] RX: >([1]1]TEST]3])
[+0:29:49.735] RX: >G0Z400.0
[+0:29:50.  0] RX: >G4X2
[+0:29:50.266] RX: >G0X150.0
[+0:29:50.532] RX: >G4X2
[+0:29:50.797] RX: >G0X150.1
[+0:29:51. 63] RX: >G4X2
[+0:29:51.329] RX: >G0X150.0
[+0:29:51.594] RX: >G4X2
[+0:29:51.875] RX: >G0X149.9
[+0:29:52.141] RX: >G4X2
[+0:29:52.407] RX: >G0X150.0
[+0:29:52.672] RX: >G4X2
[+0:29:52.938] RX: >G0X400.0
[+0:29:53.204] RX: >G4X2
[+0:29:53.469] RX: >G0X150.0
[+0:29:53.735] RX: >G4X2
[+0:29:54.  0] RX: >G0X400.0
[+0:29:54.266] RX: >G4X2
[+0:29:54.266] RX: >M30 
[+0:29:54.532] RX: >$2
[+0:29:54.797] RX: >M01 
[+0:29:54.797] RX: >G26 
[+0:29:55. 94] RX: >M30 
