[\\P177]
0  0.00000000  ControllerLite.  IOCTL_SERIAL_PURGE  Serial0  Purge: TXABORT RXABORT 
0  0.00001034  SUCCESS  
1  0.00000000  ControllerLite.  IOCTL_SERIAL_SET_WAIT_MASK  Serial0  Mask: 
1  0.00002654  SUCCESS  
2  0.00000000  ControllerLite.  IOCTL_SERIAL_PURGE  Serial0  Purge: TXCLEAR RXCLEAR
2  0.00000503  SUCCESS  
3  0.00000000  ControllerLite.  IRP_MJ_CLEANUP  Serial0  
3  0.00000698  SUCCESS  
4  0.00000000  ControllerLite.  IRP_MJ_CLOSE  Serial0  
4  0.30070582  SUCCESS  
5  0.00000000  ControllerLite.  IRP_MJ_CREATE  Serial0  Options: Open 
5  0.00008521  SUCCESS  
6  0.00000000  ControllerLite.  IOCTL_SERIAL_SET_QUEUE_SIZE  Serial0  InSize: 1024 OutSize: 1024
6  0.00000447  SUCCESS  
7  0.00000000  ControllerLite.  IOCTL_SERIAL_GET_BAUD_RATE  Serial0  
7  0.00000363  SUCCESS  
8  0.00000000  ControllerLite.  IOCTL_SERIAL_GET_LINE_CONTROL  Serial0  
8  0.00000335  SUCCESS  
9  0.00000000  ControllerLite.  IOCTL_SERIAL_GET_CHARS  Serial0  
9  0.00000307  SUCCESS  
10  0.00000000  ControllerLite.  IOCTL_SERIAL_GET_HANDFLOW  Serial0  
10  0.00000307  SUCCESS  
11  0.00000000  ControllerLite.  IOCTL_SERIAL_SET_BAUD_RATE  Serial0  Rate: 300
11  0.00001537  SUCCESS  
12  0.00000000  ControllerLite.  IOCTL_SERIAL_CLR_RTS  Serial0  
12  0.00000810  SUCCESS  
13  0.00000000  ControllerLite.  IOCTL_SERIAL_CLR_DTR  Serial0  
13  0.00000838  SUCCESS  
14  0.00000000  ControllerLite.  IOCTL_SERIAL_SET_LINE_CONTROL  Serial0  StopBits: 1 Parity: NONE WordLength: 7
14  0.00000615  SUCCESS  
15  0.00000000  ControllerLite.  IOCTL_SERIAL_SET_CHAR  Serial0  EOF:20 ERR:0 BRK:0 EVT:0 XON:11 XOFF:13
15  0.00000335  SUCCESS  
16  0.00000000  ControllerLite.  IOCTL_SERIAL_SET_HANDFLOW  Serial0  Shake:0 Replace:0 XonLimit:256 XoffLimit:256
16  0.00000643  SUCCESS  
17  0.00000000  ControllerLite.  IOCTL_SERIAL_SET_TIMEOUTS  Serial0  RI:-1 RM:0 RC:0 WM:100 WC:1000
17  0.00000307  SUCCESS  
18  0.00000000  ControllerLite.  IOCTL_SERIAL_SET_WAIT_MASK  Serial0  Mask: RXCHAR RXFLAG TXEMPTY CTS DSR RLSD BRK ERR RING RX80FULL 
18  0.00000643  SUCCESS  
19  0.00000000  ControllerLite.  IOCTL_SERIAL_WAIT_ON_MASK  Serial0  
20  0.00000000  ControllerLite.  IOCTL_SERIAL_GET_MODEMSTATUS  Serial0  
20  0.00000726  SUCCESS  
21  0.00000000  ControllerLite.  IOCTL_SERIAL_GET_MODEMSTATUS  Serial0  
21  0.00000643  SUCCESS  
22  0.00000000  ControllerLite.  IOCTL_SERIAL_GET_MODEMSTATUS  Serial0  
22  0.00000587  SUCCESS  
19  8.20158400  SUCCESS  
23  0.00000000  ControllerLite.  IOCTL_SERIAL_GET_COMMSTATUS  Serial0  
23  0.00000838  SUCCESS  
24  0.00000000  ControllerLite.  IRP_MJ_READ  Serial0  Length 8
24  0.00000782  SUCCESS  Length 8: 00 00 00 00 00 00 00 00 
25  0.00000000  ControllerLite.  IOCTL_SERIAL_GET_COMMSTATUS  Serial0  
25  0.00000363  SUCCESS  
26  0.00000000  ControllerLite.  IOCTL_SERIAL_WAIT_ON_MASK  Serial0  
26  0.00001062  SUCCESS  
27  0.00000000  ControllerLite.  IOCTL_SERIAL_GET_COMMSTATUS  Serial0  
27  0.00000447  SUCCESS  
28  0.00000000  ControllerLite.  IOCTL_SERIAL_GET_COMMSTATUS  Serial0  
28  0.00000391  SUCCESS  
29  0.00000000  ControllerLite.  IOCTL_SERIAL_WAIT_ON_MASK  Serial0  
29  0.26549324  SUCCESS  
30  0.00000000  ControllerLite.  IOCTL_SERIAL_GET_COMMSTATUS  Serial0  
30  0.00000838  SUCCESS  
31  0.00000000  ControllerLite.  IRP_MJ_READ  Serial0  Length 8
31  0.00000754  SUCCESS  Length 8: 00 00 00 00 00 00 00 00 
32  0.00000000  ControllerLite.  IOCTL_SERIAL_GET_COMMSTATUS  Serial0  
32  0.00000391  SUCCESS  
33  0.00000000  ControllerLite.  IOCTL_SERIAL_WAIT_ON_MASK  Serial0  
33  0.00001090  SUCCESS  
34  0.00000000  ControllerLite.  IOCTL_SERIAL_GET_COMMSTATUS  Serial0  
34  0.00000475  SUCCESS  
35  0.00000000  ControllerLite.  IOCTL_SERIAL_GET_COMMSTATUS  Serial0  
35  0.00000531  SUCCESS  
36  0.00000000  ControllerLite.  IOCTL_SERIAL_WAIT_ON_MASK  Serial0  
36  0.26580138  SUCCESS  
37  0.00000000  ControllerLite.  IOCTL_SERIAL_GET_COMMSTATUS  Serial0  
37  0.00000950  SUCCESS  
38  0.00000000  ControllerLite.  IRP_MJ_READ  Serial0  Length 8
38  0.00000754  SUCCESS  Length 8: 00 00 00 00 00 00 00 00 
39  0.00000000  ControllerLite.  IOCTL_SERIAL_GET_COMMSTATUS  Serial0  
39  0.00000391  SUCCESS  
40  0.00000000  ControllerLite.  IOCTL_SERIAL_WAIT_ON_MASK  Serial0  
40  0.00001006  SUCCESS  
41  0.00000000  ControllerLite.  IOCTL_SERIAL_GET_COMMSTATUS  Serial0  
41  0.00000447  SUCCESS  
42  0.00000000  ControllerLite.  IOCTL_SERIAL_GET_COMMSTATUS  Serial0  
42  0.00000363  SUCCESS  
43  0.00000000  ControllerLite.  IOCTL_SERIAL_WAIT_ON_MASK  Serial0  
43  0.26558655  SUCCESS  
44  0.00000000  ControllerLite.  IOCTL_SERIAL_GET_COMMSTATUS  Serial0  
44  0.00000894  SUCCESS  
45  0.00000000  ControllerLite.  IRP_MJ_READ  Serial0  Length 8
45  0.00000698  SUCCESS  Length 8: 00 00 00 00 00 00 00 00 
46  0.00000000  ControllerLite.  IOCTL_SERIAL_GET_COMMSTATUS  Serial0  
46  0.00000391  SUCCESS  
47  0.00000000  ControllerLite.  IOCTL_SERIAL_WAIT_ON_MASK  Serial0  
47  0.00000950  SUCCESS  
48  0.00000000  ControllerLite.  IOCTL_SERIAL_GET_COMMSTATUS  Serial0  
48  0.00000447  SUCCESS  
49  0.00000000  ControllerLite.  IOCTL_SERIAL_GET_COMMSTATUS  Serial0  
49  0.00000391  SUCCESS  
50  0.00000000  ControllerLite.  IOCTL_SERIAL_WAIT_ON_MASK  Serial0  
50  0.26541111  SUCCESS  
51  0.00000000  ControllerLite.  IOCTL_SERIAL_GET_COMMSTATUS  Serial0  
51  0.00000866  SUCCESS  
52  0.00000000  ControllerLite.  IRP_MJ_READ  Serial0  Length 8
52  0.00000754  SUCCESS  Length 8: 00 00 00 00 00 00 00 00 
53  0.00000000  ControllerLite.  IOCTL_SERIAL_GET_COMMSTATUS  Serial0  
53  0.00000391  SUCCESS  
54  0.00000000  ControllerLite.  IOCTL_SERIAL_WAIT_ON_MASK  Serial0  
54  0.00000978  SUCCESS  
55  0.00000000  ControllerLite.  IOCTL_SERIAL_GET_COMMSTATUS  Serial0  
55  0.00000475  SUCCESS  
56  0.00000000  ControllerLite.  IOCTL_SERIAL_GET_COMMSTATUS  Serial0  
56  0.00000363  SUCCESS  
57  0.00000000  ControllerLite.  IOCTL_SERIAL_WAIT_ON_MASK  Serial0  
57  0.26580725  SUCCESS  
58  0.00000000  ControllerLite.  IOCTL_SERIAL_GET_COMMSTATUS  Serial0  
58  0.00000894  SUCCESS  
59  0.00000000  ControllerLite.  IRP_MJ_READ  Serial0  Length 8
59  0.00000782  SUCCESS  Length 8: 00 00 00 00 00 00 00 00 
60  0.00000000  ControllerLite.  IOCTL_SERIAL_GET_COMMSTATUS  Serial0  
60  0.00000419  SUCCESS  
61  0.00000000  ControllerLite.  IOCTL_SERIAL_WAIT_ON_MASK  Serial0  
61  0.00001117  SUCCESS  
62  0.00000000  ControllerLite.  IOCTL_SERIAL_GET_COMMSTATUS  Serial0  
62  0.00000531  SUCCESS  
63  0.00000000  ControllerLite.  IOCTL_SERIAL_GET_COMMSTATUS  Serial0  
63  0.00000531  SUCCESS  
64  0.00000000  ControllerLite.  IOCTL_SERIAL_WAIT_ON_MASK  Serial0  
64  0.26556699  SUCCESS  
65  0.00000000  ControllerLite.  IOCTL_SERIAL_GET_COMMSTATUS  Serial0  
65  0.00000838  SUCCESS  
66  0.00000000  ControllerLite.  IRP_MJ_READ  Serial0  Length 8
66  0.00000726  SUCCESS  Length 8: 00 00 25 00 00 00 00 00 
67  0.00000000  ControllerLite.  IOCTL_SERIAL_GET_COMMSTATUS  Serial0  
67  0.00000391  SUCCESS  
68  0.00000000  ControllerLite.  IOCTL_SERIAL_WAIT_ON_MASK  Serial0  
68  0.00001062  SUCCESS  
69  0.00000000  ControllerLite.  IOCTL_SERIAL_GET_COMMSTATUS  Serial0  
69  0.00000447  SUCCESS  
70  0.00000000  ControllerLite.  IOCTL_SERIAL_GET_COMMSTATUS  Serial0  
70  0.00000363  SUCCESS  
71  0.00000000  ControllerLite.  IOCTL_SERIAL_WAIT_ON_MASK  Serial0  
71  0.26580920  SUCCESS  
72  0.00000000  ControllerLite.  IOCTL_SERIAL_GET_COMMSTATUS  Serial0  
72  0.00000978  SUCCESS  
73  0.00000000  ControllerLite.  IRP_MJ_READ  Serial0  Length 8
73  0.00000754  SUCCESS  Length 8: 00 00 00 00 00 00 00 00 
74  0.00000000  ControllerLite.  IOCTL_SERIAL_GET_COMMSTATUS  Serial0  
74  0.00000391  SUCCESS  
75  0.00000000  ControllerLite.  IOCTL_SERIAL_WAIT_ON_MASK  Serial0  
75  0.00001145  SUCCESS  
76  0.00000000  ControllerLite.  IOCTL_SERIAL_GET_COMMSTATUS  Serial0  
76  0.00000475  SUCCESS  
77  0.00000000  ControllerLite.  IOCTL_SERIAL_GET_COMMSTATUS  Serial0  
77  0.00000363  SUCCESS  
78  0.00000000  ControllerLite.  IOCTL_SERIAL_WAIT_ON_MASK  Serial0  
78  0.26558264  SUCCESS  
79  0.00000000  ControllerLite.  IOCTL_SERIAL_GET_COMMSTATUS  Serial0  
79  0.00000922  SUCCESS  
80  0.00000000  ControllerLite.  IRP_MJ_READ  Serial0  Length 8
80  0.00000754  SUCCESS  Length 8: 00 00 00 00 00 00 00 00 
81  0.00000000  ControllerLite.  IOCTL_SERIAL_GET_COMMSTATUS  Serial0  
81  0.00000391  SUCCESS  
82  0.00000000  ControllerLite.  IOCTL_SERIAL_WAIT_ON_MASK  Serial0  
82  0.00001006  SUCCESS  
83  0.00000000  ControllerLite.  IOCTL_SERIAL_GET_COMMSTATUS  Serial0  
83  0.00000475  SUCCESS  
84  0.00000000  ControllerLite.  IOCTL_SERIAL_GET_COMMSTATUS  Serial0  
84  0.00000335  SUCCESS  
85  0.00000000  ControllerLite.  IOCTL_SERIAL_WAIT_ON_MASK  Serial0  
85  0.26581926  SUCCESS  
86  0.00000000  ControllerLite.  IOCTL_SERIAL_GET_COMMSTATUS  Serial0  
86  0.00001006  SUCCESS  
87  0.00000000  ControllerLite.  IRP_MJ_READ  Serial0  Length 8
87  0.00000726  SUCCESS  Length 8: 00 00 00 00 00 00 00 00 
88  0.00000000  ControllerLite.  IOCTL_SERIAL_GET_COMMSTATUS  Serial0  
88  0.00000363  SUCCESS  
89  0.00000000  ControllerLite.  IOCTL_SERIAL_WAIT_ON_MASK  Serial0  
89  0.00000950  SUCCESS  
90  0.00000000  ControllerLite.  IOCTL_SERIAL_GET_COMMSTATUS  Serial0  
90  0.00000419  SUCCESS  
91  0.00000000  ControllerLite.  IOCTL_SERIAL_GET_COMMSTATUS  Serial0  
91  0.00000391  SUCCESS  
92  0.00000000  ControllerLite.  IOCTL_SERIAL_WAIT_ON_MASK  Serial0  
92  0.26534965  SUCCESS  
93  0.00000000  ControllerLite.  IOCTL_SERIAL_GET_COMMSTATUS  Serial0  
93  0.00000978  SUCCESS  
94  0.00000000  ControllerLite.  IRP_MJ_READ  Serial0  Length 8
94  0.00000782  SUCCESS  Length 8: 00 00 00 00 00 00 00 00 
95  0.00000000  ControllerLite.  IOCTL_SERIAL_GET_COMMSTATUS  Serial0  
95  0.00000419  SUCCESS  
96  0.00000000  ControllerLite.  IOCTL_SERIAL_WAIT_ON_MASK  Serial0  
96  0.00001117  SUCCESS  
97  0.00000000  ControllerLite.  IOCTL_SERIAL_GET_COMMSTATUS  Serial0  
97  0.00000447  SUCCESS  
98  0.00000000  ControllerLite.  IOCTL_SERIAL_GET_COMMSTATUS  Serial0  
98  0.00000363  SUCCESS  
99  0.00000000  ControllerLite.  IOCTL_SERIAL_WAIT_ON_MASK  Serial0  
99  0.26577791  SUCCESS  
100  0.00000000  ControllerLite.  IOCTL_SERIAL_GET_COMMSTATUS  Serial0  
100  0.00000754  SUCCESS  
101  0.00000000  ControllerLite.  IRP_MJ_READ  Serial0  Length 8
101  0.00000754  SUCCESS  Length 8: 00 00 00 20 0D 0A 4F 33 
102  0.00000000  ControllerLite.  IOCTL_SERIAL_GET_COMMSTATUS  Serial0  
102  0.00000391  SUCCESS  
103  0.00000000  ControllerLite.  IOCTL_SERIAL_WAIT_ON_MASK  Serial0  
103  0.00001006  SUCCESS  
104  0.00000000  ControllerLite.  IOCTL_SERIAL_GET_COMMSTATUS  Serial0  
104  0.00000866  SUCCESS  
105  0.00000000  ControllerLite.  IOCTL_SERIAL_GET_COMMSTATUS  Serial0  
105  0.00000531  SUCCESS  
106  0.00000000  ControllerLite.  IOCTL_SERIAL_WAIT_ON_MASK  Serial0  
106  0.25778472  SUCCESS  
107  0.00000000  ControllerLite.  IOCTL_SERIAL_GET_COMMSTATUS  Serial0  
107  0.00000810  SUCCESS  
108  0.00000000  ControllerLite.  IOCTL_SERIAL_WAIT_ON_MASK  Serial0  
108  0.00000950  SUCCESS  
109  0.00000000  ControllerLite.  IRP_MJ_READ  Serial0  Length 8
109  0.00000782  SUCCESS  Length 8: 28 54 45 53 54 20 20 20 
110  0.00000000  ControllerLite.  IOCTL_SERIAL_GET_COMMSTATUS  Serial0  
110  0.00000391  SUCCESS  
111  0.00000000  ControllerLite.  IOCTL_SERIAL_GET_COMMSTATUS  Serial0  
111  0.00000391  SUCCESS  
112  0.00000000  ControllerLite.  IOCTL_SERIAL_GET_COMMSTATUS  Serial0  
112  0.00000363  SUCCESS  
113  0.00000000  ControllerLite.  IOCTL_SERIAL_WAIT_ON_MASK  Serial0  
113  0.26620059  SUCCESS  
114  0.00000000  ControllerLite.  IOCTL_SERIAL_WAIT_ON_MASK  Serial0  
115  0.00000000  ControllerLite.  IOCTL_SERIAL_GET_COMMSTATUS  Serial0  
115  0.00000754  SUCCESS  
114  0.00001285  SUCCESS  
116  0.00000000  ControllerLite.  IRP_MJ_READ  Serial0  Length 8
116  0.00000782  SUCCESS  Length 8: 20 20 20 20 20 20 20 20 
117  0.00000000  ControllerLite.  IOCTL_SERIAL_GET_COMMSTATUS  Serial0  
117  0.00000391  SUCCESS  
118  0.00000000  ControllerLite.  IOCTL_SERIAL_GET_COMMSTATUS  Serial0  
118  0.00000475  SUCCESS  
119  0.00000000  ControllerLite.  IOCTL_SERIAL_WAIT_ON_MASK  Serial0  
119  0.26625088  SUCCESS  
120  0.00000000  ControllerLite.  IOCTL_SERIAL_GET_COMMSTATUS  Serial0  
121  0.00000000  ControllerLite.  IOCTL_SERIAL_WAIT_ON_MASK  Serial0  
120  0.00000838  SUCCESS  
121  0.00000978  SUCCESS  
122  0.00000000  ControllerLite.  IRP_MJ_READ  Serial0  Length 8
122  0.00000810  SUCCESS  Length 8: 20 20 29 28 4E 4F 4E 4E 
123  0.00000000  ControllerLite.  IOCTL_SERIAL_GET_COMMSTATUS  Serial0  
123  0.00000391  SUCCESS  
124  0.00000000  ControllerLite.  IOCTL_SERIAL_GET_COMMSTATUS  Serial0  
124  0.00000419  SUCCESS  
125  0.00000000  ControllerLite.  IOCTL_SERIAL_GET_COMMSTATUS  Serial0  
125  0.00000363  SUCCESS  
126  0.00000000  ControllerLite.  IOCTL_SERIAL_WAIT_ON_MASK  Serial0  
126  0.26627574  SUCCESS  
127  0.00000000  ControllerLite.  IOCTL_SERIAL_GET_COMMSTATUS  Serial0  
128  0.00000000  ControllerLite.  IOCTL_SERIAL_WAIT_ON_MASK  Serial0  
127  0.00000726  SUCCESS  
128  0.00000950  SUCCESS  
129  0.00000000  ControllerLite.  IRP_MJ_READ  Serial0  Length 8
129  0.00000698  SUCCESS  Length 8: 49 20 20 20 20 20 29 28 
130  0.00000000  ControllerLite.  IOCTL_SERIAL_GET_COMMSTATUS  Serial0  
130  0.00000391  SUCCESS  
131  0.00000000  ControllerLite.  IOCTL_SERIAL_GET_COMMSTATUS  Serial0  
131  0.00000531  SUCCESS  
132  0.00000000  ControllerLite.  IOCTL_SERIAL_GET_COMMSTATUS  Serial0  
132  0.00000363  SUCCESS  
133  0.00000000  ControllerLite.  IOCTL_SERIAL_WAIT_ON_MASK  Serial0  
133  0.26594386  SUCCESS  
134  0.00000000  ControllerLite.  IOCTL_SERIAL_GET_COMMSTATUS  Serial0  
135  0.00000000  ControllerLite.  IOCTL_SERIAL_WAIT_ON_MASK  Serial0  
134  0.00000894  SUCCESS  
135  0.00001034  SUCCESS  
136  0.00000000  ControllerLite.  IRP_MJ_READ  Serial0  Length 8
136  0.00000838  SUCCESS  Length 8: 20 20 20 20 20 20 20 20 
137  0.00000000  ControllerLite.  IOCTL_SERIAL_GET_COMMSTATUS  Serial0  
137  0.00000447  SUCCESS  
138  0.00000000  ControllerLite.  IOCTL_SERIAL_GET_COMMSTATUS  Serial0  
138  0.00000447  SUCCESS  
139  0.00000000  ControllerLite.  IOCTL_SERIAL_WAIT_ON_MASK  Serial0  
139  0.26611399  SUCCESS  
140  0.00000000  ControllerLite.  IOCTL_SERIAL_GET_COMMSTATUS  Serial0  
140  0.00000810  SUCCESS  
141  0.00000000  ControllerLite.  IRP_MJ_READ  Serial0  Length 8
141  0.00000782  SUCCESS  Length 8: 20 20 20 20 20 20 29 28 
142  0.00000000  ControllerLite.  IOCTL_SERIAL_GET_COMMSTATUS  Serial0  
142  0.00000559  SUCCESS  
143  0.00000000  ControllerLite.  IOCTL_SERIAL_WAIT_ON_MASK  Serial0  
143  0.00000866  SUCCESS  
144  0.00000000  ControllerLite.  IOCTL_SERIAL_GET_COMMSTATUS  Serial0  
144  0.00000419  SUCCESS  
145  0.00000000  ControllerLite.  IOCTL_SERIAL_GET_COMMSTATUS  Serial0  
146  0.00000000  ControllerLite.  IOCTL_SERIAL_WAIT_ON_MASK  Serial0  
145  0.00000363  SUCCESS  
146  0.31325434  SUCCESS  
147  0.00000000  ControllerLite.  IOCTL_SERIAL_GET_COMMSTATUS  Serial0  
148  0.00000000  ControllerLite.  IOCTL_SERIAL_WAIT_ON_MASK  Serial0  
147  0.00000810  SUCCESS  
148  0.00000922  SUCCESS  
149  0.00000000  ControllerLite.  IRP_MJ_READ  Serial0  Length 8
149  0.00000810  SUCCESS  Length 8: 29 20 0D 0A 00 24 31 0D 
150  0.00000000  ControllerLite.  IOCTL_SERIAL_GET_COMMSTATUS  Serial0  
150  0.00000391  SUCCESS  
151  0.00000000  ControllerLite.  IOCTL_SERIAL_GET_COMMSTATUS  Serial0  
151  0.00000615  SUCCESS  
152  0.00000000  ControllerLite.  IOCTL_SERIAL_GET_COMMSTATUS  Serial0  
152  0.00000363  SUCCESS  
153  0.00000000  ControllerLite.  IOCTL_SERIAL_WAIT_ON_MASK  Serial0  
153  0.25094698  SUCCESS  
154  0.00000000  ControllerLite.  IOCTL_SERIAL_GET_COMMSTATUS  Serial0  
155  0.00000000  ControllerLite.  IOCTL_SERIAL_WAIT_ON_MASK  Serial0  
154  0.00000810  SUCCESS  
155  0.00000950  SUCCESS  
156  0.00000000  ControllerLite.  IRP_MJ_READ  Serial0  Length 8
156  0.00000754  SUCCESS  Length 8: 0A 28 5B 31 5D 31 5D 54 
157  0.00000000  ControllerLite.  IOCTL_SERIAL_GET_COMMSTATUS  Serial0  
157  0.00000419  SUCCESS  
158  0.00000000  ControllerLite.  IOCTL_SERIAL_GET_COMMSTATUS  Serial0  
158  0.00000559  SUCCESS  
159  0.00000000  ControllerLite.  IOCTL_SERIAL_GET_COMMSTATUS  Serial0  
159  0.00000559  SUCCESS  
160  0.00000000  ControllerLite.  IOCTL_SERIAL_WAIT_ON_MASK  Serial0  
160  0.26595531  SUCCESS  
161  0.00000000  ControllerLite.  IOCTL_SERIAL_GET_COMMSTATUS  Serial0  
162  0.00000000  ControllerLite.  IOCTL_SERIAL_WAIT_ON_MASK  Serial0  
161  0.00000866  SUCCESS  
162  0.00000922  SUCCESS  
163  0.00000000  ControllerLite.  IRP_MJ_READ  Serial0  Length 8
163  0.00000782  SUCCESS  Length 8: 45 53 54 5D 33 5D 29 0D 
164  0.00000000  ControllerLite.  IOCTL_SERIAL_GET_COMMSTATUS  Serial0  
164  0.00000391  SUCCESS  
165  0.00000000  ControllerLite.  IOCTL_SERIAL_GET_COMMSTATUS  Serial0  
165  0.00000503  SUCCESS  
166  0.00000000  ControllerLite.  IOCTL_SERIAL_GET_COMMSTATUS  Serial0  
166  0.00000559  SUCCESS  
167  0.00000000  ControllerLite.  IOCTL_SERIAL_WAIT_ON_MASK  Serial0  
167  0.26604303  SUCCESS  
168  0.00000000  ControllerLite.  IOCTL_SERIAL_GET_COMMSTATUS  Serial0  
169  0.00000000  ControllerLite.  IOCTL_SERIAL_WAIT_ON_MASK  Serial0  
168  0.00000754  SUCCESS  
169  0.00000922  SUCCESS  
170  0.00000000  ControllerLite.  IRP_MJ_READ  Serial0  Length 8
170  0.00000754  SUCCESS  Length 8: 0A 47 30 5A 34 30 30 2E 
171  0.00000000  ControllerLite.  IOCTL_SERIAL_GET_COMMSTATUS  Serial0  
171  0.00000391  SUCCESS  
172  0.00000000  ControllerLite.  IOCTL_SERIAL_GET_COMMSTATUS  Serial0  
172  0.00000531  SUCCESS  
173  0.00000000  ControllerLite.  IOCTL_SERIAL_GET_COMMSTATUS  Serial0  
173  0.00000559  SUCCESS  
174  0.00000000  ControllerLite.  IOCTL_SERIAL_WAIT_ON_MASK  Serial0  
174  0.26599135  SUCCESS  
175  0.00000000  ControllerLite.  IOCTL_SERIAL_GET_COMMSTATUS  Serial0  
176  0.00000000  ControllerLite.  IOCTL_SERIAL_WAIT_ON_MASK  Serial0  
175  0.00000810  SUCCESS  
176  0.00001006  SUCCESS  
177  0.00000000  ControllerLite.  IRP_MJ_READ  Serial0  Length 8
177  0.00000810  SUCCESS  Length 8: 30 0D 0A 47 34 58 32 0D 
178  0.00000000  ControllerLite.  IOCTL_SERIAL_GET_COMMSTATUS  Serial0  
178  0.00000391  SUCCESS  
179  0.00000000  ControllerLite.  IOCTL_SERIAL_GET_COMMSTATUS  Serial0  
179  0.00000643  SUCCESS  
180  0.00000000  ControllerLite.  IOCTL_SERIAL_GET_COMMSTATUS  Serial0  
180  0.00000363  SUCCESS  
181  0.00000000  ControllerLite.  IOCTL_SERIAL_WAIT_ON_MASK  Serial0  
181  0.26565360  SUCCESS  
182  0.00000000  ControllerLite.  IOCTL_SERIAL_GET_COMMSTATUS  Serial0  
183  0.00000000  ControllerLite.  IOCTL_SERIAL_WAIT_ON_MASK  Serial0  
182  0.00000838  SUCCESS  
183  0.00001006  SUCCESS  
184  0.00000000  ControllerLite.  IRP_MJ_READ  Serial0  Length 8
184  0.00000782  SUCCESS  Length 8: 0A 47 30 58 31 35 30 2E 
185  0.00000000  ControllerLite.  IOCTL_SERIAL_GET_COMMSTATUS  Serial0  
185  0.00000391  SUCCESS  
186  0.00000000  ControllerLite.  IOCTL_SERIAL_GET_COMMSTATUS  Serial0  
186  0.00000615  SUCCESS  
187  0.00000000  ControllerLite.  IOCTL_SERIAL_GET_COMMSTATUS  Serial0  
187  0.00000363  SUCCESS  
188  0.00000000  ControllerLite.  IOCTL_SERIAL_WAIT_ON_MASK  Serial0  
188  0.26586675  SUCCESS  
189  0.00000000  ControllerLite.  IOCTL_SERIAL_GET_COMMSTATUS  Serial0  
190  0.00000000  ControllerLite.  IOCTL_SERIAL_WAIT_ON_MASK  Serial0  
189  0.00000838  SUCCESS  
190  0.00000894  SUCCESS  
191  0.00000000  ControllerLite.  IRP_MJ_READ  Serial0  Length 8
191  0.00000782  SUCCESS  Length 8: 30 0D 0A 47 34 58 32 0D 
192  0.00000000  ControllerLite.  IOCTL_SERIAL_GET_COMMSTATUS  Serial0  
192  0.00000419  SUCCESS  
193  0.00000000  ControllerLite.  IOCTL_SERIAL_GET_COMMSTATUS  Serial0  
193  0.00000587  SUCCESS  
194  0.00000000  ControllerLite.  IOCTL_SERIAL_GET_COMMSTATUS  Serial0  
194  0.00000363  SUCCESS  
195  0.00000000  ControllerLite.  IOCTL_SERIAL_WAIT_ON_MASK  Serial0  
195  0.26564102  SUCCESS  
196  0.00000000  ControllerLite.  IOCTL_SERIAL_GET_COMMSTATUS  Serial0  
197  0.00000000  ControllerLite.  IOCTL_SERIAL_WAIT_ON_MASK  Serial0  
196  0.00000894  SUCCESS  
197  0.00000950  SUCCESS  
198  0.00000000  ControllerLite.  IRP_MJ_READ  Serial0  Length 8
198  0.00000754  SUCCESS  Length 8: 0A 47 30 58 31 35 30 2E 
199  0.00000000  ControllerLite.  IOCTL_SERIAL_GET_COMMSTATUS  Serial0  
199  0.00000419  SUCCESS  
200  0.00000000  ControllerLite.  IOCTL_SERIAL_GET_COMMSTATUS  Serial0  
200  0.00000503  SUCCESS  
201  0.00000000  ControllerLite.  IOCTL_SERIAL_GET_COMMSTATUS  Serial0  
201  0.00000531  SUCCESS  
202  0.00000000  ControllerLite.  IOCTL_SERIAL_WAIT_ON_MASK  Serial0  
202  0.26589161  SUCCESS  
203  0.00000000  ControllerLite.  IOCTL_SERIAL_GET_COMMSTATUS  Serial0  
203  0.00000782  SUCCESS  
204  0.00000000  ControllerLite.  IRP_MJ_READ  Serial0  Length 8
204  0.00000726  SUCCESS  Length 8: 31 0D 0A 47 34 58 32 0D 
205  0.00000000  ControllerLite.  IOCTL_SERIAL_GET_COMMSTATUS  Serial0  
205  0.00000391  SUCCESS  
206  0.00000000  ControllerLite.  IOCTL_SERIAL_WAIT_ON_MASK  Serial0  
206  0.00001006  SUCCESS  
207  0.00000000  ControllerLite.  IOCTL_SERIAL_GET_COMMSTATUS  Serial0  
207  0.00000475  SUCCESS  
208  0.00000000  ControllerLite.  IOCTL_SERIAL_GET_COMMSTATUS  Serial0  
208  0.00000531  SUCCESS  
209  0.00000000  ControllerLite.  IOCTL_SERIAL_WAIT_ON_MASK  Serial0  
209  0.26572455  SUCCESS  
210  0.00000000  ControllerLite.  IOCTL_SERIAL_GET_COMMSTATUS  Serial0  
211  0.00000000  ControllerLite.  IOCTL_SERIAL_WAIT_ON_MASK  Serial0  
210  0.00000866  SUCCESS  
211  0.00000922  SUCCESS  
212  0.00000000  ControllerLite.  IRP_MJ_READ  Serial0  Length 8
212  0.00000754  SUCCESS  Length 8: 0A 47 30 58 31 35 30 2E 
213  0.00000000  ControllerLite.  IOCTL_SERIAL_GET_COMMSTATUS  Serial0  
213  0.00000419  SUCCESS  
214  0.00000000  ControllerLite.  IOCTL_SERIAL_GET_COMMSTATUS  Serial0  
214  0.00000615  SUCCESS  
215  0.00000000  ControllerLite.  IOCTL_SERIAL_GET_COMMSTATUS  Serial0  
215  0.00000363  SUCCESS  
216  0.00000000  ControllerLite.  IOCTL_SERIAL_WAIT_ON_MASK  Serial0  
216  0.26567539  SUCCESS  
217  0.00000000  ControllerLite.  IOCTL_SERIAL_GET_COMMSTATUS  Serial0  
218  0.00000000  ControllerLite.  IOCTL_SERIAL_WAIT_ON_MASK  Serial0  
217  0.00000866  SUCCESS  
218  0.00000894  SUCCESS  
219  0.00000000  ControllerLite.  IRP_MJ_READ  Serial0  Length 8
219  0.00000838  SUCCESS  Length 8: 30 0D 0A 47 34 58 32 0D 
220  0.00000000  ControllerLite.  IOCTL_SERIAL_GET_COMMSTATUS  Serial0  
220  0.00000419  SUCCESS  
221  0.00000000  ControllerLite.  IOCTL_SERIAL_GET_COMMSTATUS  Serial0  
221  0.00000643  SUCCESS  
222  0.00000000  ControllerLite.  IOCTL_SERIAL_GET_COMMSTATUS  Serial0  
223  0.00000000  ControllerLite.  IOCTL_SERIAL_WAIT_ON_MASK  Serial0  
222  0.00000838  SUCCESS  
223  0.26102060  SUCCESS  
224  0.00000000  ControllerLite.  IOCTL_SERIAL_GET_COMMSTATUS  Serial0  
225  0.00000000  ControllerLite.  IOCTL_SERIAL_WAIT_ON_MASK  Serial0  
224  0.00000978  SUCCESS  
225  0.00000866  SUCCESS  
226  0.00000000  ControllerLite.  IRP_MJ_READ  Serial0  Length 8
226  0.00000754  SUCCESS  Length 8: 0A 47 30 58 31 34 39 2E 
227  0.00000000  ControllerLite.  IOCTL_SERIAL_GET_COMMSTATUS  Serial0  
227  0.00000419  SUCCESS  
228  0.00000000  ControllerLite.  IOCTL_SERIAL_GET_COMMSTATUS  Serial0  
228  0.00000643  SUCCESS  
229  0.00000000  ControllerLite.  IOCTL_SERIAL_GET_COMMSTATUS  Serial0  
229  0.00000531  SUCCESS  
230  0.00000000  ControllerLite.  IOCTL_SERIAL_WAIT_ON_MASK  Serial0  
230  0.26578909  SUCCESS  
231  0.00000000  ControllerLite.  IOCTL_SERIAL_GET_COMMSTATUS  Serial0  
232  0.00000000  ControllerLite.  IOCTL_SERIAL_WAIT_ON_MASK  Serial0  
231  0.00000810  SUCCESS  
232  0.00000922  SUCCESS  
233  0.00000000  ControllerLite.  IRP_MJ_READ  Serial0  Length 8
233  0.00000726  SUCCESS  Length 8: 39 0D 0A 47 34 58 32 0D 
234  0.00000000  ControllerLite.  IOCTL_SERIAL_GET_COMMSTATUS  Serial0  
234  0.00000391  SUCCESS  
235  0.00000000  ControllerLite.  IOCTL_SERIAL_GET_COMMSTATUS  Serial0  
235  0.00000475  SUCCESS  
236  0.00000000  ControllerLite.  IOCTL_SERIAL_GET_COMMSTATUS  Serial0  
236  0.00000531  SUCCESS  
237  0.00000000  ControllerLite.  IOCTL_SERIAL_WAIT_ON_MASK  Serial0  
237  0.26578657  SUCCESS  
238  0.00000000  ControllerLite.  IOCTL_SERIAL_GET_COMMSTATUS  Serial0  
239  0.00000000  ControllerLite.  IOCTL_SERIAL_WAIT_ON_MASK  Serial0  
238  0.00000782  SUCCESS  
239  0.00000950  SUCCESS  
240  0.00000000  ControllerLite.  IRP_MJ_READ  Serial0  Length 8
240  0.00000754  SUCCESS  Length 8: 0A 47 30 58 31 35 30 2E 
241  0.00000000  ControllerLite.  IOCTL_SERIAL_GET_COMMSTATUS  Serial0  
241  0.00000419  SUCCESS  
242  0.00000000  ControllerLite.  IOCTL_SERIAL_GET_COMMSTATUS  Serial0  
242  0.00000503  SUCCESS  
243  0.00000000  ControllerLite.  IOCTL_SERIAL_GET_COMMSTATUS  Serial0  
243  0.00000475  SUCCESS  
244  0.00000000  ControllerLite.  IOCTL_SERIAL_WAIT_ON_MASK  Serial0  
244  0.26531109  SUCCESS  
245  0.00000000  ControllerLite.  IOCTL_SERIAL_GET_COMMSTATUS  Serial0  
246  0.00000000  ControllerLite.  IOCTL_SERIAL_WAIT_ON_MASK  Serial0  
245  0.00000838  SUCCESS  
246  0.00000922  SUCCESS  
247  0.00000000  ControllerLite.  IRP_MJ_READ  Serial0  Length 8
247  0.00000754  SUCCESS  Length 8: 30 0D 0A 47 34 58 32 0D 
248  0.00000000  ControllerLite.  IOCTL_SERIAL_GET_COMMSTATUS  Serial0  
248  0.00000391  SUCCESS  
249  0.00000000  ControllerLite.  IOCTL_SERIAL_GET_COMMSTATUS  Serial0  
249  0.00000643  SUCCESS  
250  0.00000000  ControllerLite.  IOCTL_SERIAL_GET_COMMSTATUS  Serial0  
251  0.00000000  ControllerLite.  IOCTL_SERIAL_WAIT_ON_MASK  Serial0  
250  0.00000726  SUCCESS  
251  0.26175729  SUCCESS  
252  0.00000000  ControllerLite.  IOCTL_SERIAL_GET_COMMSTATUS  Serial0  
253  0.00000000  ControllerLite.  IOCTL_SERIAL_WAIT_ON_MASK  Serial0  
252  0.00000838  SUCCESS  
253  0.00001034  SUCCESS  
254  0.00000000  ControllerLite.  IRP_MJ_READ  Serial0  Length 8
254  0.00000782  SUCCESS  Length 8: 0A 47 30 58 34 30 30 2E 
255  0.00000000  ControllerLite.  IOCTL_SERIAL_GET_COMMSTATUS  Serial0  
255  0.00000391  SUCCESS  
256  0.00000000  ControllerLite.  IOCTL_SERIAL_GET_COMMSTATUS  Serial0  
256  0.00000587  SUCCESS  
257  0.00000000  ControllerLite.  IOCTL_SERIAL_GET_COMMSTATUS  Serial0  
257  0.00000531  SUCCESS  
258  0.00000000  ControllerLite.  IOCTL_SERIAL_WAIT_ON_MASK  Serial0  
258  0.26595838  SUCCESS  
259  0.00000000  ControllerLite.  IOCTL_SERIAL_GET_COMMSTATUS  Serial0  
260  0.00000000  ControllerLite.  IOCTL_SERIAL_WAIT_ON_MASK  Serial0  
259  0.00000838  SUCCESS  
260  0.00000894  SUCCESS  
261  0.00000000  ControllerLite.  IRP_MJ_READ  Serial0  Length 8
261  0.00000782  SUCCESS  Length 8: 30 0D 0A 47 34 58 32 0D 
262  0.00000000  ControllerLite.  IOCTL_SERIAL_GET_COMMSTATUS  Serial0  
262  0.00000419  SUCCESS  
263  0.00000000  ControllerLite.  IOCTL_SERIAL_GET_COMMSTATUS  Serial0  
263  0.00000615  SUCCESS  
264  0.00000000  ControllerLite.  IOCTL_SERIAL_GET_COMMSTATUS  Serial0  
264  0.00000363  SUCCESS  
265  0.00000000  ControllerLite.  IOCTL_SERIAL_WAIT_ON_MASK  Serial0  
265  0.26546167  SUCCESS  
266  0.00000000  ControllerLite.  IOCTL_SERIAL_GET_COMMSTATUS  Serial0  
267  0.00000000  ControllerLite.  IOCTL_SERIAL_WAIT_ON_MASK  Serial0  
266  0.00000894  SUCCESS  
267  0.00001006  SUCCESS  
268  0.00000000  ControllerLite.  IRP_MJ_READ  Serial0  Length 8
268  0.00000754  SUCCESS  Length 8: 0A 47 30 58 31 35 30 2E 
269  0.00000000  ControllerLite.  IOCTL_SERIAL_GET_COMMSTATUS  Serial0  
269  0.00000419  SUCCESS  
270  0.00000000  ControllerLite.  IOCTL_SERIAL_GET_COMMSTATUS  Serial0  
270  0.00000670  SUCCESS  
271  0.00000000  ControllerLite.  IOCTL_SERIAL_GET_COMMSTATUS  Serial0  
271  0.00000559  SUCCESS  
272  0.00000000  ControllerLite.  IOCTL_SERIAL_WAIT_ON_MASK  Serial0  
272  0.26586619  SUCCESS  
273  0.00000000  ControllerLite.  IOCTL_SERIAL_GET_COMMSTATUS  Serial0  
274  0.00000000  ControllerLite.  IOCTL_SERIAL_WAIT_ON_MASK  Serial0  
273  0.00000810  SUCCESS  
274  0.00000894  SUCCESS  
275  0.00000000  ControllerLite.  IRP_MJ_READ  Serial0  Length 8
275  0.00000754  SUCCESS  Length 8: 30 0D 0A 47 34 58 32 0D 
276  0.00000000  ControllerLite.  IOCTL_SERIAL_GET_COMMSTATUS  Serial0  
276  0.00000391  SUCCESS  
277  0.00000000  ControllerLite.  IOCTL_SERIAL_GET_COMMSTATUS  Serial0  
277  0.00000643  SUCCESS  
278  0.00000000  ControllerLite.  IOCTL_SERIAL_GET_COMMSTATUS  Serial0  
278  0.00000363  SUCCESS  
279  0.00000000  ControllerLite.  IOCTL_SERIAL_WAIT_ON_MASK  Serial0  
279  0.26559800  SUCCESS  
280  0.00000000  ControllerLite.  IOCTL_SERIAL_GET_COMMSTATUS  Serial0  
281  0.00000000  ControllerLite.  IOCTL_SERIAL_WAIT_ON_MASK  Serial0  
280  0.00000810  SUCCESS  
281  0.00001034  SUCCESS  
282  0.00000000  ControllerLite.  IRP_MJ_READ  Serial0  Length 8
282  0.00000782  SUCCESS  Length 8: 0A 47 30 58 34 30 30 2E 
283  0.00000000  ControllerLite.  IOCTL_SERIAL_GET_COMMSTATUS  Serial0  
283  0.00000363  SUCCESS  
284  0.00000000  ControllerLite.  IOCTL_SERIAL_GET_COMMSTATUS  Serial0  
284  0.00000559  SUCCESS  
285  0.00000000  ControllerLite.  IOCTL_SERIAL_GET_COMMSTATUS  Serial0  
285  0.00000559  SUCCESS  
286  0.00000000  ControllerLite.  IOCTL_SERIAL_WAIT_ON_MASK  Serial0  
286  0.26585781  SUCCESS  
287  0.00000000  ControllerLite.  IOCTL_SERIAL_WAIT_ON_MASK  Serial0  
287  0.00001034  SUCCESS  
288  0.00000000  ControllerLite.  IOCTL_SERIAL_GET_COMMSTATUS  Serial0  
288  0.00000559  SUCCESS  
289  0.00000000  ControllerLite.  IRP_MJ_READ  Serial0  Length 8
289  0.00000670  SUCCESS  Length 8: 30 0D 0A 47 34 58 32 0D 
290  0.00000000  ControllerLite.  IOCTL_SERIAL_GET_COMMSTATUS  Serial0  
290  0.00000391  SUCCESS  
291  0.00000000  ControllerLite.  IOCTL_SERIAL_GET_COMMSTATUS  Serial0  
291  0.00000447  SUCCESS  
292  0.00000000  ControllerLite.  IOCTL_SERIAL_GET_COMMSTATUS  Serial0  
292  0.00000531  SUCCESS  
293  0.00000000  ControllerLite.  IOCTL_SERIAL_WAIT_ON_MASK  Serial0  
293  0.26589161  SUCCESS  
294  0.00000000  ControllerLite.  IOCTL_SERIAL_GET_COMMSTATUS  Serial0  
295  0.00000000  ControllerLite.  IOCTL_SERIAL_WAIT_ON_MASK  Serial0  
294  0.00000782  SUCCESS  
295  0.00001006  SUCCESS  
296  0.00000000  ControllerLite.  IRP_MJ_READ  Serial0  Length 8
296  0.00000782  SUCCESS  Length 8: 0A 4D 33 30 20 0D 0A 24 
297  0.00000000  ControllerLite.  IOCTL_SERIAL_GET_COMMSTATUS  Serial0  
297  0.00000391  SUCCESS  
298  0.00000000  ControllerLite.  IOCTL_SERIAL_GET_COMMSTATUS  Serial0  
298  0.00000503  SUCCESS  
299  0.00000000  ControllerLite.  IOCTL_SERIAL_GET_COMMSTATUS  Serial0  
299  0.00000559  SUCCESS  
300  0.00000000  ControllerLite.  IOCTL_SERIAL_WAIT_ON_MASK  Serial0  
300  0.26546894  SUCCESS  
301  0.00000000  ControllerLite.  IOCTL_SERIAL_GET_COMMSTATUS  Serial0  
302  0.00000000  ControllerLite.  IOCTL_SERIAL_WAIT_ON_MASK  Serial0  
301  0.00000726  SUCCESS  
302  0.00000838  SUCCESS  
303  0.00000000  ControllerLite.  IRP_MJ_READ  Serial0  Length 8
303  0.00000698  SUCCESS  Length 8: 32 0D 0A 4D 30 31 20 0D 
304  0.00000000  ControllerLite.  IOCTL_SERIAL_GET_COMMSTATUS  Serial0  
304  0.00000391  SUCCESS  
305  0.00000000  ControllerLite.  IOCTL_SERIAL_GET_COMMSTATUS  Serial0  
305  0.00000503  SUCCESS  
306  0.00000000  ControllerLite.  IOCTL_SERIAL_GET_COMMSTATUS  Serial0  
306  0.00000531  SUCCESS  
307  0.00000000  ControllerLite.  IOCTL_SERIAL_WAIT_ON_MASK  Serial0  
307  0.26578099  SUCCESS  
308  0.00000000  ControllerLite.  IOCTL_SERIAL_GET_COMMSTATUS  Serial0  
309  0.00000000  ControllerLite.  IOCTL_SERIAL_WAIT_ON_MASK  Serial0  
308  0.00000978  SUCCESS  
309  0.00000866  SUCCESS  
310  0.00000000  ControllerLite.  IRP_MJ_READ  Serial0  Length 8
310  0.00000754  SUCCESS  Length 8: 0A 47 32 36 20 0D 0A 4D 
311  0.00000000  ControllerLite.  IOCTL_SERIAL_GET_COMMSTATUS  Serial0  
311  0.00000419  SUCCESS  
312  0.00000000  ControllerLite.  IOCTL_SERIAL_GET_COMMSTATUS  Serial0  
312  0.00000643  SUCCESS  
313  0.00000000  ControllerLite.  IOCTL_SERIAL_GET_COMMSTATUS  Serial0  
313  0.00000559  SUCCESS  
314  0.00000000  ControllerLite.  IOCTL_SERIAL_WAIT_ON_MASK  Serial0  
314  0.28538823  SUCCESS  
315  0.00000000  ControllerLite.  IOCTL_SERIAL_GET_COMMSTATUS  Serial0  
316  0.00000000  ControllerLite.  IOCTL_SERIAL_WAIT_ON_MASK  Serial0  
315  0.00000838  SUCCESS  
316  0.00001062  SUCCESS  
317  0.00000000  ControllerLite.  IRP_MJ_READ  Serial0  Length 5
317  0.00000810  SUCCESS  Length 5: 33 30 20 0D 0A 
318  0.00000000  ControllerLite.  IOCTL_SERIAL_GET_COMMSTATUS  Serial0  
318  0.00000419  SUCCESS  
319  0.00000000  ControllerLite.  IOCTL_SERIAL_GET_COMMSTATUS  Serial0  
319  0.00000698  SUCCESS  
320  0.00000000  ControllerLite.  IOCTL_SERIAL_GET_COMMSTATUS  Serial0  
320  0.00000531  SUCCESS  
321  0.00000000  ControllerLite.  IOCTL_SERIAL_WAIT_ON_MASK  Serial0  
321  0.28376623  SUCCESS  
322  0.00000000  ControllerLite.  IOCTL_SERIAL_GET_COMMSTATUS  Serial0  
322  0.00000922  SUCCESS  
323  0.00000000  ControllerLite.  IRP_MJ_READ  Serial0  Length 8
323  0.00000782  SUCCESS  Length 8: 00 00 00 00 00 00 00 00 
324  0.00000000  ControllerLite.  IOCTL_SERIAL_GET_COMMSTATUS  Serial0  
324  0.00000363  SUCCESS  
325  0.00000000  ControllerLite.  IOCTL_SERIAL_WAIT_ON_MASK  Serial0  
325  0.00001034  SUCCESS  
326  0.00000000  ControllerLite.  IOCTL_SERIAL_GET_COMMSTATUS  Serial0  
326  0.00000475  SUCCESS  
327  0.00000000  ControllerLite.  IOCTL_SERIAL_GET_COMMSTATUS  Serial0  
327  0.00000363  SUCCESS  
328  0.00000000  ControllerLite.  IOCTL_SERIAL_WAIT_ON_MASK  Serial0  
328  0.26584328  SUCCESS  
329  0.00000000  ControllerLite.  IOCTL_SERIAL_GET_COMMSTATUS  Serial0  
329  0.00000726  SUCCESS  
330  0.00000000  ControllerLite.  IRP_MJ_READ  Serial0  Length 8
330  0.00002179  SUCCESS  Length 8: 00 00 00 00 00 00 00 00 
331  0.00000000  ControllerLite.  IOCTL_SERIAL_GET_COMMSTATUS  Serial0  
331  0.00000447  SUCCESS  
332  0.00000000  ControllerLite.  IOCTL_SERIAL_WAIT_ON_MASK  Serial0  
332  0.00000922  SUCCESS  
333  0.00000000  ControllerLite.  IOCTL_SERIAL_GET_COMMSTATUS  Serial0  
333  0.00000475  SUCCESS  
334  0.00000000  ControllerLite.  IOCTL_SERIAL_GET_COMMSTATUS  Serial0  
334  0.00000419  SUCCESS  
335  0.00000000  ControllerLite.  IOCTL_SERIAL_WAIT_ON_MASK  Serial0  
335  0.26515633  SUCCESS  
336  0.00000000  ControllerLite.  IOCTL_SERIAL_GET_COMMSTATUS  Serial0  
336  0.00000810  SUCCESS  
337  0.00000000  ControllerLite.  IRP_MJ_READ  Serial0  Length 8
337  0.00000754  SUCCESS  Length 8: 00 00 00 00 00 00 00 00 
338  0.00000000  ControllerLite.  IOCTL_SERIAL_GET_COMMSTATUS  Serial0  
338  0.00000363  SUCCESS  
339  0.00000000  ControllerLite.  IOCTL_SERIAL_WAIT_ON_MASK  Serial0  
339  0.00001034  SUCCESS  
340  0.00000000  ControllerLite.  IOCTL_SERIAL_GET_COMMSTATUS  Serial0  
340  0.00000475  SUCCESS  
341  0.00000000  ControllerLite.  IOCTL_SERIAL_GET_COMMSTATUS  Serial0  
341  0.00000363  SUCCESS  
342  0.00000000  ControllerLite.  IOCTL_SERIAL_WAIT_ON_MASK  Serial0  
342  0.26550050  SUCCESS  
343  0.00000000  ControllerLite.  IOCTL_SERIAL_GET_COMMSTATUS  Serial0  
343  0.00000726  SUCCESS  
344  0.00000000  ControllerLite.  IRP_MJ_READ  Serial0  Length 8
344  0.00000838  SUCCESS  Length 8: 00 00 00 00 00 00 00 00 
345  0.00000000  ControllerLite.  IOCTL_SERIAL_GET_COMMSTATUS  Serial0  
345  0.00000559  SUCCESS  
346  0.00000000  ControllerLite.  IOCTL_SERIAL_WAIT_ON_MASK  Serial0  
346  0.00001173  SUCCESS  
347  0.00000000  ControllerLite.  IOCTL_SERIAL_GET_COMMSTATUS  Serial0  
347  0.00000531  SUCCESS  
348  0.00000000  ControllerLite.  IOCTL_SERIAL_GET_COMMSTATUS  Serial0  
348  0.00000531  SUCCESS  
349  0.00000000  ControllerLite.  IOCTL_SERIAL_WAIT_ON_MASK  Serial0  
349  0.26571310  SUCCESS  
350  0.00000000  ControllerLite.  IOCTL_SERIAL_GET_COMMSTATUS  Serial0  
350  0.00000754  SUCCESS  
351  0.00000000  ControllerLite.  IRP_MJ_READ  Serial0  Length 8
351  0.00000782  SUCCESS  Length 8: 00 00 00 00 00 00 00 00 
352  0.00000000  ControllerLite.  IOCTL_SERIAL_GET_COMMSTATUS  Serial0  
352  0.00000363  SUCCESS  
353  0.00000000  ControllerLite.  IOCTL_SERIAL_WAIT_ON_MASK  Serial0  
353  0.00001034  SUCCESS  
354  0.00000000  ControllerLite.  IOCTL_SERIAL_GET_COMMSTATUS  Serial0  
354  0.00000447  SUCCESS  
355  0.00000000  ControllerLite.  IOCTL_SERIAL_GET_COMMSTATUS  Serial0  
355  0.00000363  SUCCESS  
356  0.00000000  ControllerLite.  IOCTL_SERIAL_WAIT_ON_MASK  Serial0  
356  0.26555386  SUCCESS  
357  0.00000000  ControllerLite.  IOCTL_SERIAL_GET_COMMSTATUS  Serial0  
358  0.00000000  ControllerLite.  IOCTL_SERIAL_WAIT_ON_MASK  Serial0  
357  0.00000782  SUCCESS  
358  0.00001034  SUCCESS  
359  0.00000000  ControllerLite.  IRP_MJ_READ  Serial0  Length 8
359  0.00000782  SUCCESS  Length 8: 25 00 00 00 00 00 00 00 
360  0.00000000  ControllerLite.  IOCTL_SERIAL_GET_COMMSTATUS  Serial0  
360  0.00000391  SUCCESS  
361  0.00000000  ControllerLite.  IOCTL_SERIAL_GET_COMMSTATUS  Serial0  
361  0.00000447  SUCCESS  
362  0.00000000  ControllerLite.  IOCTL_SERIAL_GET_COMMSTATUS  Serial0  
362  0.00000391  SUCCESS  
363  0.00000000  ControllerLite.  IOCTL_SERIAL_WAIT_ON_MASK  Serial0  
363  0.26582205  SUCCESS  
364  0.00000000  ControllerLite.  IOCTL_SERIAL_GET_COMMSTATUS  Serial0  
364  0.00000838  SUCCESS  
365  0.00000000  ControllerLite.  IRP_MJ_READ  Serial0  Length 8
365  0.00000782  SUCCESS  Length 8: 00 00 00 00 00 00 00 00 
366  0.00000000  ControllerLite.  IOCTL_SERIAL_GET_COMMSTATUS  Serial0  
366  0.00000363  SUCCESS  
367  0.00000000  ControllerLite.  IOCTL_SERIAL_WAIT_ON_MASK  Serial0  
367  0.00001117  SUCCESS  
368  0.00000000  ControllerLite.  IOCTL_SERIAL_GET_COMMSTATUS  Serial0  
368  0.00000475  SUCCESS  
369  0.00000000  ControllerLite.  IOCTL_SERIAL_GET_COMMSTATUS  Serial0  
369  0.00000363  SUCCESS  
370  0.00000000  ControllerLite.  IOCTL_SERIAL_WAIT_ON_MASK  Serial0  
370  0.26566812  SUCCESS  
371  0.00000000  ControllerLite.  IOCTL_SERIAL_GET_COMMSTATUS  Serial0  
371  0.00000866  SUCCESS  
372  0.00000000  ControllerLite.  IRP_MJ_READ  Serial0  Length 8
372  0.00000754  SUCCESS  Length 8: 00 00 00 00 00 00 00 00 
373  0.00000000  ControllerLite.  IOCTL_SERIAL_GET_COMMSTATUS  Serial0  
373  0.00000363  SUCCESS  
374  0.00000000  ControllerLite.  IOCTL_SERIAL_WAIT_ON_MASK  Serial0  
374  0.00001006  SUCCESS  
375  0.00000000  ControllerLite.  IOCTL_SERIAL_GET_COMMSTATUS  Serial0  
375  0.00000447  SUCCESS  
376  0.00000000  ControllerLite.  IOCTL_SERIAL_GET_COMMSTATUS  Serial0  
376  0.00000391  SUCCESS  
377  0.00000000  ControllerLite.  IOCTL_SERIAL_WAIT_ON_MASK  Serial0  
377  0.26555135  SUCCESS  
378  0.00000000  ControllerLite.  IOCTL_SERIAL_GET_COMMSTATUS  Serial0  
378  0.00000894  SUCCESS  
379  0.00000000  ControllerLite.  IRP_MJ_READ  Serial0  Length 8
379  0.00000754  SUCCESS  Length 8: 00 00 00 00 00 00 00 00 
380  0.00000000  ControllerLite.  IOCTL_SERIAL_GET_COMMSTATUS  Serial0  
380  0.00000391  SUCCESS  
381  0.00000000  ControllerLite.  IOCTL_SERIAL_WAIT_ON_MASK  Serial0  
381  0.00001117  SUCCESS  
382  0.00000000  ControllerLite.  IOCTL_SERIAL_GET_COMMSTATUS  Serial0  
382  0.00000475  SUCCESS  
383  0.00000000  ControllerLite.  IOCTL_SERIAL_GET_COMMSTATUS  Serial0  
383  0.00000363  SUCCESS  
384  0.00000000  ControllerLite.  IOCTL_SERIAL_WAIT_ON_MASK  Serial0  
384  0.26557118  SUCCESS  
385  0.00000000  ControllerLite.  IOCTL_SERIAL_GET_COMMSTATUS  Serial0  
385  0.00000894  SUCCESS  
386  0.00000000  ControllerLite.  IRP_MJ_READ  Serial0  Length 8
386  0.00000754  SUCCESS  Length 8: 00 00 00 00 00 00 00 00 
387  0.00000000  ControllerLite.  IOCTL_SERIAL_GET_COMMSTATUS  Serial0  
387  0.00000363  SUCCESS  
388  0.00000000  ControllerLite.  IOCTL_SERIAL_WAIT_ON_MASK  Serial0  
388  0.00001006  SUCCESS  
389  0.00000000  ControllerLite.  IOCTL_SERIAL_GET_COMMSTATUS  Serial0  
389  0.00000475  SUCCESS  
390  0.00000000  ControllerLite.  IOCTL_SERIAL_GET_COMMSTATUS  Serial0  
390  0.00000391  SUCCESS  
391  0.00000000  ControllerLite.  IOCTL_SERIAL_WAIT_ON_MASK  Serial0  
391  0.26558822  SUCCESS  
392  0.00000000  ControllerLite.  IOCTL_SERIAL_GET_COMMSTATUS  Serial0  
392  0.00000810  SUCCESS  
393  0.00000000  ControllerLite.  IRP_MJ_READ  Serial0  Length 8
393  0.00000754  SUCCESS  Length 8: 00 00 00 00 00 00 00 00 
394  0.00000000  ControllerLite.  IOCTL_SERIAL_GET_COMMSTATUS  Serial0  
394  0.00000391  SUCCESS  
395  0.00000000  ControllerLite.  IOCTL_SERIAL_WAIT_ON_MASK  Serial0  
395  0.00001034  SUCCESS  
396  0.00000000  ControllerLite.  IOCTL_SERIAL_GET_COMMSTATUS  Serial0  
396  0.00000475  SUCCESS  
397  0.00000000  ControllerLite.  IOCTL_SERIAL_GET_COMMSTATUS  Serial0  
397  0.00000363  SUCCESS  
398  0.00000000  ControllerLite.  IOCTL_SERIAL_WAIT_ON_MASK  Serial0  
398  0.21865544  SUCCESS  
399  0.00000000  ControllerLite.  IOCTL_SERIAL_GET_COMMSTATUS  Serial0  
399  0.00000866  SUCCESS  
400  0.00000000  ControllerLite.  IRP_MJ_READ  Serial0  Length 3
400  0.00000754  SUCCESS  Length 3: 00 00 00 
401  0.00000000  ControllerLite.  IOCTL_SERIAL_GET_COMMSTATUS  Serial0  
401  0.00000391  SUCCESS  
402  0.00000000  ControllerLite.  IOCTL_SERIAL_WAIT_ON_MASK  Serial0  
402  0.00001201  SUCCESS  
403  0.00000000  ControllerLite.  IOCTL_SERIAL_GET_COMMSTATUS  Serial0  
403  0.00000503  SUCCESS  
404  0.00000000  ControllerLite.  IOCTL_SERIAL_GET_COMMSTATUS  Serial0  
404  0.00000335  SUCCESS  
405  0.00000000  ControllerLite.  IOCTL_SERIAL_WAIT_ON_MASK  Serial0  
